Determining if the pthread_create exist failed with the following output:
Change Dir: /home/cha/openvslam/build/CMakeFiles/CMakeTmp

Run Build Command:"/usr/bin/make" "cmTC_fa2a8/fast"
/usr/bin/make -f CMakeFiles/cmTC_fa2a8.dir/build.make CMakeFiles/cmTC_fa2a8.dir/build
make[1]: Entering directory '/home/cha/openvslam/build/CMakeFiles/CMakeTmp'
Building C object CMakeFiles/cmTC_fa2a8.dir/CheckSymbolExists.c.o
/usr/bin/cc    -Wall -Wextra -mtune=native -march=native    -o CMakeFiles/cmTC_fa2a8.dir/CheckSymbolExists.c.o   -c /home/cha/openvslam/build/CMakeFiles/CMakeTmp/CheckSymbolExists.c
Linking C executable cmTC_fa2a8
/usr/bin/cmake -E cmake_link_script CMakeFiles/cmTC_fa2a8.dir/link.txt --verbose=1
/usr/bin/cc   -Wall -Wextra -mtune=native -march=native     CMakeFiles/cmTC_fa2a8.dir/CheckSymbolExists.c.o  -o cmTC_fa2a8 -rdynamic 
CMakeFiles/cmTC_fa2a8.dir/CheckSymbolExists.c.o: In function `main':
CheckSymbolExists.c:(.text+0x16): undefined reference to `pthread_create'
collect2: error: ld returned 1 exit status
CMakeFiles/cmTC_fa2a8.dir/build.make:97: recipe for target 'cmTC_fa2a8' failed
make[1]: *** [cmTC_fa2a8] Error 1
make[1]: Leaving directory '/home/cha/openvslam/build/CMakeFiles/CMakeTmp'
Makefile:126: recipe for target 'cmTC_fa2a8/fast' failed
make: *** [cmTC_fa2a8/fast] Error 2

File /home/cha/openvslam/build/CMakeFiles/CMakeTmp/CheckSymbolExists.c:
/* */
#include <pthread.h>

int main(int argc, char** argv)
{
  (void)argv;
#ifndef pthread_create
  return ((int*)(&pthread_create))[argc];
#else
  (void)argc;
  return 0;
#endif
}

Determining if the function pthread_create exists in the pthreads failed with the following output:
Change Dir: /home/cha/openvslam/build/CMakeFiles/CMakeTmp

Run Build Command:"/usr/bin/make" "cmTC_d35e4/fast"
/usr/bin/make -f CMakeFiles/cmTC_d35e4.dir/build.make CMakeFiles/cmTC_d35e4.dir/build
make[1]: Entering directory '/home/cha/openvslam/build/CMakeFiles/CMakeTmp'
Building C object CMakeFiles/cmTC_d35e4.dir/CheckFunctionExists.c.o
/usr/bin/cc    -Wall -Wextra -mtune=native -march=native -DCHECK_FUNCTION_EXISTS=pthread_create   -o CMakeFiles/cmTC_d35e4.dir/CheckFunctionExists.c.o   -c /usr/share/cmake-3.5/Modules/CheckFunctionExists.c
Linking C executable cmTC_d35e4
/usr/bin/cmake -E cmake_link_script CMakeFiles/cmTC_d35e4.dir/link.txt --verbose=1
/usr/bin/cc   -Wall -Wextra -mtune=native -march=native -DCHECK_FUNCTION_EXISTS=pthread_create    CMakeFiles/cmTC_d35e4.dir/CheckFunctionExists.c.o  -o cmTC_d35e4 -rdynamic -lpthreads 
/usr/bin/ld: cannot find -lpthreads
collect2: error: ld returned 1 exit status
CMakeFiles/cmTC_d35e4.dir/build.make:97: recipe for target 'cmTC_d35e4' failed
make[1]: *** [cmTC_d35e4] Error 1
make[1]: Leaving directory '/home/cha/openvslam/build/CMakeFiles/CMakeTmp'
Makefile:126: recipe for target 'cmTC_d35e4/fast' failed
make: *** [cmTC_d35e4/fast] Error 2


